This is pdfTeX, Version 3.141592653-2.6-1.40.22 (TeX Live 2021/W32TeX) (preloaded format=pdflatex 2021.5.10)  14 MAY 2021 10:58
entering extended mode
 restricted \write18 enabled.
 %&-line parsing enabled.
**2021_DOSSAC_TechReport.tex
(./2021_DOSSAC_TechReport.tex
LaTeX2e <2020-10-01> patch level 4
L3 programming layer <2021-05-07> (./interact.cls
Document Class: interact 2016/10/17 v1.03 Interact LaTeX document class

(c:/Users/Paul Julian/AppData/Roaming/TinyTeX/texmf-dist/tex/latex/base/article
.cls
Document Class: article 2020/04/10 v1.4m Standard LaTeX document class

(c:/Users/Paul Julian/AppData/Roaming/TinyTeX/texmf-dist/tex/latex/base/size11.
clo
File: size11.clo 2020/04/10 v1.4m Standard LaTeX file (size option)
)
\c@part=\count179
\c@section=\count180
\c@subsection=\count181
\c@subsubsection=\count182
\c@paragraph=\count183
\c@subparagraph=\count184
\c@figure=\count185
\c@table=\count186
\abovecaptionskip=\skip47
\belowcaptionskip=\skip48
\bibindent=\dimen138
)
(c:/Users/Paul Julian/AppData/Roaming/TinyTeX/texmf-dist/tex/latex/amsmath/amsm
ath.sty
Package: amsmath 2020/09/23 v2.17i AMS math features
\@mathmargin=\skip49
For additional information on amsmath, use the `?' option.

(c:/Users/Paul Julian/AppData/Roaming/TinyTeX/texmf-dist/tex/latex/amsmath/amst
ext.sty
Package: amstext 2000/06/29 v2.01 AMS text

(c:/Users/Paul Julian/AppData/Roaming/TinyTeX/texmf-dist/tex/latex/amsmath/amsg
en.sty
File: amsgen.sty 1999/11/30 v2.0 generic functions
\@emptytoks=\toks15
\ex@=\dimen139
))
(c:/Users/Paul Julian/AppData/Roaming/TinyTeX/texmf-dist/tex/latex/amsmath/amsb
sy.sty
Package: amsbsy 1999/11/29 v1.2d Bold Symbols
\pmbraise@=\dimen140
)
(c:/Users/Paul Julian/AppData/Roaming/TinyTeX/texmf-dist/tex/latex/amsmath/amso
pn.sty
Package: amsopn 2016/03/08 v2.02 operator names
)
\inf@bad=\count187
LaTeX Info: Redefining \frac on input line 234.
\uproot@=\count188
\leftroot@=\count189
LaTeX Info: Redefining \overline on input line 399.
\classnum@=\count190
\DOTSCASE@=\count191
LaTeX Info: Redefining \ldots on input line 496.
LaTeX Info: Redefining \dots on input line 499.
LaTeX Info: Redefining \cdots on input line 620.
\Mathstrutbox@=\box47
\strutbox@=\box48
\big@size=\dimen141
LaTeX Font Info:    Redeclaring font encoding OML on input line 743.
LaTeX Font Info:    Redeclaring font encoding OMS on input line 744.
\macc@depth=\count192
\c@MaxMatrixCols=\count193
\dotsspace@=\muskip16
\c@parentequation=\count194
\dspbrk@lvl=\count195
\tag@help=\toks16
\row@=\count196
\column@=\count197
\maxfields@=\count198
\andhelp@=\toks17
\eqnshift@=\dimen142
\alignsep@=\dimen143
\tagshift@=\dimen144
\tagwidth@=\dimen145
\totwidth@=\dimen146
\lineht@=\dimen147
\@envbody=\toks18
\multlinegap=\skip50
\multlinetaggap=\skip51
\mathdisplay@stack=\toks19
LaTeX Info: Redefining \[ on input line 2923.
LaTeX Info: Redefining \] on input line 2924.
)
(c:/Users/Paul Julian/AppData/Roaming/TinyTeX/texmf-dist/tex/latex/amsfonts/ams
symb.sty
Package: amssymb 2013/01/14 v3.01 AMS font symbols

(c:/Users/Paul Julian/AppData/Roaming/TinyTeX/texmf-dist/tex/latex/amsfonts/ams
fonts.sty
Package: amsfonts 2013/01/14 v3.01 Basic AMSFonts support
\symAMSa=\mathgroup4
\symAMSb=\mathgroup5
LaTeX Font Info:    Redeclaring math symbol \hbar on input line 98.
LaTeX Font Info:    Overwriting math alphabet `\mathfrak' in version `bold'
(Font)                  U/euf/m/n --> U/euf/b/n on input line 106.
))
(c:/Users/Paul Julian/AppData/Roaming/TinyTeX/texmf-dist/tex/latex/amscls/amsth
m.sty
Package: amsthm 2020/05/29 v2.20.6
\thm@style=\toks20
\thm@bodyfont=\toks21
\thm@headfont=\toks22
\thm@notefont=\toks23
\thm@headpunct=\toks24
\thm@preskip=\skip52
\thm@postskip=\skip53
\thm@headsep=\skip54
\dth@everypar=\toks25
)
(c:/Users/Paul Julian/AppData/Roaming/TinyTeX/texmf-dist/tex/latex/booktabs/boo
ktabs.sty
Package: booktabs 2020/01/12 v1.61803398 Publication quality tables
\heavyrulewidth=\dimen148
\lightrulewidth=\dimen149
\cmidrulewidth=\dimen150
\belowrulesep=\dimen151
\belowbottomsep=\dimen152
\aboverulesep=\dimen153
\abovetopsep=\dimen154
\cmidrulesep=\dimen155
\cmidrulekern=\dimen156
\defaultaddspace=\dimen157
\@cmidla=\count199
\@cmidlb=\count266
\@aboverulesep=\dimen158
\@belowrulesep=\dimen159
\@thisruleclass=\count267
\@lastruleclass=\count268
\@thisrulewidth=\dimen160
)
(c:/Users/Paul Julian/AppData/Roaming/TinyTeX/texmf-dist/tex/latex/graphics/eps
fig.sty
Package: epsfig 2017/06/25 v1.7b (e)psfig emulation (SPQR)

(c:/Users/Paul Julian/AppData/Roaming/TinyTeX/texmf-dist/tex/latex/graphics/gra
phicx.sty
Package: graphicx 2020/09/09 v1.2b Enhanced LaTeX Graphics (DPC,SPQR)

(c:/Users/Paul Julian/AppData/Roaming/TinyTeX/texmf-dist/tex/latex/graphics/key
val.sty
Package: keyval 2014/10/28 v1.15 key=value parser (DPC)
\KV@toks@=\toks26
)
(c:/Users/Paul Julian/AppData/Roaming/TinyTeX/texmf-dist/tex/latex/graphics/gra
phics.sty
Package: graphics 2020/08/30 v1.4c Standard LaTeX Graphics (DPC,SPQR)

(c:/Users/Paul Julian/AppData/Roaming/TinyTeX/texmf-dist/tex/latex/graphics/tri
g.sty
Package: trig 2016/01/03 v1.10 sin cos tan (DPC)
)
(c:/Users/Paul Julian/AppData/Roaming/TinyTeX/texmf-dist/tex/latex/graphics-cfg
/graphics.cfg
File: graphics.cfg 2016/06/04 v1.11 sample graphics configuration
)
Package graphics Info: Driver file: pdftex.def on input line 105.

(c:/Users/Paul Julian/AppData/Roaming/TinyTeX/texmf-dist/tex/latex/graphics-def
/pdftex.def
File: pdftex.def 2020/10/05 v1.2a Graphics/color driver for pdftex
))
\Gin@req@height=\dimen161
\Gin@req@width=\dimen162
)
\epsfxsize=\dimen163
\epsfysize=\dimen164
)
(c:/Users/Paul Julian/AppData/Roaming/TinyTeX/texmf-dist/tex/latex/graphics/rot
ating.sty
Package: rotating 2016/08/11 v2.16d rotated objects in LaTeX

(c:/Users/Paul Julian/AppData/Roaming/TinyTeX/texmf-dist/tex/latex/base/ifthen.
sty
Package: ifthen 2014/09/29 v1.1c Standard LaTeX ifthen package (DPC)
)
\c@r@tfl@t=\count269
\rotFPtop=\skip55
\rotFPbot=\skip56
\rot@float@box=\box49
\rot@mess@toks=\toks27
)
(c:/Users/Paul Julian/AppData/Roaming/TinyTeX/texmf-dist/tex/latex/geometry/geo
metry.sty
Package: geometry 2020/01/02 v5.9 Page Geometry

(c:/Users/Paul Julian/AppData/Roaming/TinyTeX/texmf-dist/tex/generic/iftex/ifvt
ex.sty
Package: ifvtex 2019/10/25 v1.7 ifvtex legacy package. Use iftex instead.

(c:/Users/Paul Julian/AppData/Roaming/TinyTeX/texmf-dist/tex/generic/iftex/ifte
x.sty
Package: iftex 2020/03/06 v1.0d TeX engine tests
))
\Gm@cnth=\count270
\Gm@cntv=\count271
\c@Gm@tempcnt=\count272
\Gm@bindingoffset=\dimen165
\Gm@wd@mp=\dimen166
\Gm@odd@mp=\dimen167
\Gm@even@mp=\dimen168
\Gm@layoutwidth=\dimen169
\Gm@layoutheight=\dimen170
\Gm@layouthoffset=\dimen171
\Gm@layoutvoffset=\dimen172
\Gm@dimlist=\toks28
)
\c@mv@upright=\count273
\c@mv@boldupright=\count274
LaTeX Font Info:    Overwriting symbol font `letters' in version `upright'
(Font)                  OML/cmm/m/it --> OML/eur/m/n on input line 164.
LaTeX Font Info:    Overwriting symbol font `letters' in version `boldupright'
(Font)                  OML/cmm/m/it --> OML/eur/b/n on input line 165.
\figheight=\dimen173
\figwidth=\dimen174
\tabledim=\dimen175
\LabelSep=\dimen176
\TopSep=\skip57
)
(c:/Users/Paul Julian/AppData/Roaming/TinyTeX/texmf-dist/tex/latex/epstopdf-pkg
/epstopdf.sty
Package: epstopdf 2020-01-24 v2.11 Conversion with epstopdf on the fly (HO)

(c:/Users/Paul Julian/AppData/Roaming/TinyTeX/texmf-dist/tex/generic/infwarerr/
infwarerr.sty
Package: infwarerr 2019/12/03 v1.5 Providing info/warning/error messages (HO)
)
(c:/Users/Paul Julian/AppData/Roaming/TinyTeX/texmf-dist/tex/latex/grfext/grfex
t.sty
Package: grfext 2019/12/03 v1.3 Manage graphics extensions (HO)

(c:/Users/Paul Julian/AppData/Roaming/TinyTeX/texmf-dist/tex/generic/kvdefineke
ys/kvdefinekeys.sty
Package: kvdefinekeys 2019-12-19 v1.6 Define keys (HO)
))
(c:/Users/Paul Julian/AppData/Roaming/TinyTeX/texmf-dist/tex/latex/kvoptions/kv
options.sty
Package: kvoptions 2020-10-07 v3.14 Key value format for package options (HO)

(c:/Users/Paul Julian/AppData/Roaming/TinyTeX/texmf-dist/tex/generic/ltxcmds/lt
xcmds.sty
Package: ltxcmds 2020-05-10 v1.25 LaTeX kernel commands for general use (HO)
)
(c:/Users/Paul Julian/AppData/Roaming/TinyTeX/texmf-dist/tex/generic/kvsetkeys/
kvsetkeys.sty
Package: kvsetkeys 2019/12/15 v1.18 Key value parser (HO)
))
(c:/Users/Paul Julian/AppData/Roaming/TinyTeX/texmf-dist/tex/generic/pdftexcmds
/pdftexcmds.sty
Package: pdftexcmds 2020-06-27 v0.33 Utility functions of pdfTeX for LuaTeX (HO
)
Package pdftexcmds Info: \pdf@primitive is available.
Package pdftexcmds Info: \pdf@ifprimitive is available.
Package pdftexcmds Info: \pdfdraftmode found.
)
(c:/Users/Paul Julian/AppData/Roaming/TinyTeX/texmf-dist/tex/latex/epstopdf-pkg
/epstopdf-base.sty
Package: epstopdf-base 2020-01-24 v2.11 Base part for package epstopdf
Package epstopdf-base Info: Redefining graphics rule for `.eps' on input line 4
85.
Package grfext Info: Graphics extension search list:
(grfext)             [.pdf,.png,.jpg,.mps,.jpeg,.jbig2,.jb2,.PDF,.PNG,.JPG,.JPE
G,.JBIG2,.JB2,.eps]
(grfext)             \AppendGraphicsExtensions on input line 504.

(c:/Users/Paul Julian/AppData/Roaming/TinyTeX/texmf-dist/tex/latex/latexconfig/
epstopdf-sys.cfg
File: epstopdf-sys.cfg 2010/07/13 v1.3 Configuration of (r)epstopdf for TeX Liv
e
)))
(c:/Users/Paul Julian/AppData/Roaming/TinyTeX/texmf-dist/tex/latex/subfigure/su
bfigure.sty
Package: subfigure 2002/03/15 v2.1.5 subfigure package
\subfigtopskip=\skip58
\subfigcapskip=\skip59
\subfigcaptopadj=\dimen177
\subfigbottomskip=\skip60
\subfigcapmargin=\dimen178
\subfiglabelskip=\skip61
\c@subfigure=\count275
\c@lofdepth=\count276
\c@subtable=\count277
\c@lotdepth=\count278
****************************************
* Local config file subfigure.cfg used *
****************************************

(c:/Users/Paul Julian/AppData/Roaming/TinyTeX/texmf-dist/tex/latex/subfigure/su
bfigure.cfg)
\subfig@top=\skip62
\subfig@bottom=\skip63
)
(c:/Users/Paul Julian/AppData/Roaming/TinyTeX/texmf-dist/tex/latex/natbib/natbi
b.sty
Package: natbib 2010/09/13 8.31b (PWD, AO)
\bibhang=\skip64
\bibsep=\skip65
LaTeX Info: Redefining \cite on input line 694.
\c@NAT@ctr=\count279
)
\c@theorem=\count280
\c@remark=\count281
\c@notation=\count282

(c:/Users/Paul Julian/AppData/Roaming/TinyTeX/texmf-dist/tex/latex/graphics/col
or.sty
Package: color 2020/02/24 v1.2b Standard LaTeX Color (DPC)

(c:/Users/Paul Julian/AppData/Roaming/TinyTeX/texmf-dist/tex/latex/graphics-cfg
/color.cfg
File: color.cfg 2016/01/02 v1.6 sample color configuration
)
Package color Info: Driver file: pdftex.def on input line 147.
)
(c:/Users/Paul Julian/AppData/Roaming/TinyTeX/texmf-dist/tex/latex/fancyvrb/fan
cyvrb.sty
Package: fancyvrb 2021/01/20 v3.7 verbatim text (tvz,hv)
\FV@CodeLineNo=\count283
\FV@InFile=\read2
\FV@TabBox=\box50
\c@FancyVerbLine=\count284
\FV@StepNumber=\count285
\FV@OutFile=\write3
)
(c:/Users/Paul Julian/AppData/Roaming/TinyTeX/texmf-dist/tex/latex/framed/frame
d.sty
Package: framed 2011/10/22 v 0.96: framed or shaded text with page breaks
\OuterFrameSep=\skip66
\fb@frw=\dimen179
\fb@frh=\dimen180
\FrameRule=\dimen181
\FrameSep=\dimen182
)
(c:/Users/Paul Julian/AppData/Roaming/TinyTeX/texmf-dist/tex/latex/hyperref/hyp
erref.sty
Package: hyperref 2021-02-27 v7.00k Hypertext links for LaTeX

(c:/Users/Paul Julian/AppData/Roaming/TinyTeX/texmf-dist/tex/generic/pdfescape/
pdfescape.sty
Package: pdfescape 2019/12/09 v1.15 Implements pdfTeX's escape features (HO)
)
(c:/Users/Paul Julian/AppData/Roaming/TinyTeX/texmf-dist/tex/latex/hycolor/hyco
lor.sty
Package: hycolor 2020-01-27 v1.10 Color options for hyperref/bookmark (HO)
)
(c:/Users/Paul Julian/AppData/Roaming/TinyTeX/texmf-dist/tex/latex/letltxmacro/
letltxmacro.sty
Package: letltxmacro 2019/12/03 v1.6 Let assignment for LaTeX macros (HO)
)
(c:/Users/Paul Julian/AppData/Roaming/TinyTeX/texmf-dist/tex/latex/auxhook/auxh
ook.sty
Package: auxhook 2019-12-17 v1.6 Hooks for auxiliary files (HO)
)
\@linkdim=\dimen183
\Hy@linkcounter=\count286
\Hy@pagecounter=\count287

(c:/Users/Paul Julian/AppData/Roaming/TinyTeX/texmf-dist/tex/latex/hyperref/pd1
enc.def
File: pd1enc.def 2021-02-27 v7.00k Hyperref: PDFDocEncoding definition (HO)
Now handling font encoding PD1 ...
... no UTF-8 mapping file for font encoding PD1
)
(c:/Users/Paul Julian/AppData/Roaming/TinyTeX/texmf-dist/tex/latex/hyperref/hyp
erref-langpatches.def
File: hyperref-langpatches.def 2021-02-27 v7.00k Hyperref: patches for babel la
nguages
)
(c:/Users/Paul Julian/AppData/Roaming/TinyTeX/texmf-dist/tex/generic/intcalc/in
tcalc.sty
Package: intcalc 2019/12/15 v1.3 Expandable calculations with integers (HO)
)
(c:/Users/Paul Julian/AppData/Roaming/TinyTeX/texmf-dist/tex/generic/etexcmds/e
texcmds.sty
Package: etexcmds 2019/12/15 v1.7 Avoid name clashes with e-TeX commands (HO)
)
\Hy@SavedSpaceFactor=\count288

(c:/Users/Paul Julian/AppData/Roaming/TinyTeX/texmf-dist/tex/latex/hyperref/pue
nc.def
File: puenc.def 2021-02-27 v7.00k Hyperref: PDF Unicode definition (HO)
Now handling font encoding PU ...
... no UTF-8 mapping file for font encoding PU
)
Package hyperref Info: Hyper figures OFF on input line 4192.
Package hyperref Info: Link nesting OFF on input line 4197.
Package hyperref Info: Hyper index ON on input line 4200.
Package hyperref Info: Plain pages OFF on input line 4207.
Package hyperref Info: Backreferencing OFF on input line 4212.
Package hyperref Info: Implicit mode ON; LaTeX internals redefined.
Package hyperref Info: Bookmarks ON on input line 4445.
\c@Hy@tempcnt=\count289
(c:/Users/Paul Julian/AppData/Roaming/TinyTeX/texmf-dist/tex/latex/url/url.sty
\Urlmuskip=\muskip17
Package: url 2013/09/16  ver 3.4  Verb mode for urls, etc.
)
LaTeX Info: Redefining \url on input line 4804.
\XeTeXLinkMargin=\dimen184

(c:/Users/Paul Julian/AppData/Roaming/TinyTeX/texmf-dist/tex/generic/bitset/bit
set.sty
Package: bitset 2019/12/09 v1.3 Handle bit-vector datatype (HO)

(c:/Users/Paul Julian/AppData/Roaming/TinyTeX/texmf-dist/tex/generic/bigintcalc
/bigintcalc.sty
Package: bigintcalc 2019/12/15 v1.5 Expandable calculations on big integers (HO
)
))
\Fld@menulength=\count290
\Field@Width=\dimen185
\Fld@charsize=\dimen186
Package hyperref Info: Hyper figures OFF on input line 6075.
Package hyperref Info: Link nesting OFF on input line 6080.
Package hyperref Info: Hyper index ON on input line 6083.
Package hyperref Info: backreferencing OFF on input line 6090.
Package hyperref Info: Link coloring OFF on input line 6095.
Package hyperref Info: Link coloring with OCG OFF on input line 6100.
Package hyperref Info: PDF/A mode OFF on input line 6105.
LaTeX Info: Redefining \ref on input line 6145.
LaTeX Info: Redefining \pageref on input line 6149.

(c:/Users/Paul Julian/AppData/Roaming/TinyTeX/texmf-dist/tex/latex/base/atbegsh
i-ltx.sty
Package: atbegshi-ltx 2020/08/17 v1.0a Emulation of the original atbegshi packa
ge
with kernel methods
)
\Hy@abspage=\count291
\c@Item=\count292
\c@Hfootnote=\count293
)
Package hyperref Info: Driver (autodetected): hpdftex.

(c:/Users/Paul Julian/AppData/Roaming/TinyTeX/texmf-dist/tex/latex/hyperref/hpd
ftex.def
File: hpdftex.def 2021-02-27 v7.00k Hyperref driver for pdfTeX

(c:/Users/Paul Julian/AppData/Roaming/TinyTeX/texmf-dist/tex/latex/base/atverye
nd-ltx.sty
Package: atveryend-ltx 2020/08/19 v1.0a Emulation of the original atvery packag
e
with kernel methods
)
\Fld@listcount=\count294
\c@bookmark@seq@number=\count295

(c:/Users/Paul Julian/AppData/Roaming/TinyTeX/texmf-dist/tex/latex/rerunfileche
ck/rerunfilecheck.sty
Package: rerunfilecheck 2019/12/05 v1.9 Rerun checks for auxiliary files (HO)

(c:/Users/Paul Julian/AppData/Roaming/TinyTeX/texmf-dist/tex/generic/uniquecoun
ter/uniquecounter.sty
Package: uniquecounter 2019/12/15 v1.4 Provide unlimited unique counter (HO)
)
Package uniquecounter Info: New unique counter `rerunfilecheck' on input line 2
86.
)
\Hy@SectionHShift=\skip67
)
(c:/Users/Paul Julian/AppData/Roaming/TinyTeX/texmf-dist/tex/latex/base/inputen
c.sty
Package: inputenc 2020/08/01 v1.3d Input encoding file
\inpenc@prehook=\toks29
\inpenc@posthook=\toks30
)
(c:/Users/Paul Julian/AppData/Roaming/TinyTeX/texmf-dist/tex/latex/float/float.
sty
Package: float 2001/11/08 v1.3d Float enhancements (AL)
\c@float@type=\count296
\float@exts=\toks31
\float@box=\box51
\@float@everytoks=\toks32
\@floatcapt=\box52
)
(c:/Users/Paul Julian/AppData/Roaming/TinyTeX/texmf-dist/tex/latex/tools/longta
ble.sty
Package: longtable 2020/01/07 v4.13 Multi-page Table package (DPC)
\LTleft=\skip68
\LTright=\skip69
\LTpre=\skip70
\LTpost=\skip71
\LTchunksize=\count297
\LTcapwidth=\dimen187
\LT@head=\box53
\LT@firsthead=\box54
\LT@foot=\box55
\LT@lastfoot=\box56
\LT@cols=\count298
\LT@rows=\count299
\c@LT@tables=\count300
\c@LT@chunks=\count301
\LT@p@ftn=\toks33
)
(c:/Users/Paul Julian/AppData/Roaming/TinyTeX/texmf-dist/tex/latex/tools/array.
sty
Package: array 2020/10/01 v2.5c Tabular extension package (FMi)
\col@sep=\dimen188
\ar@mcellbox=\box57
\extrarowheight=\dimen189
\NC@list=\toks34
\extratabsurround=\skip72
\backup@length=\skip73
\ar@cellbox=\box58
)
(c:/Users/Paul Julian/AppData/Roaming/TinyTeX/texmf-dist/tex/latex/multirow/mul
tirow.sty
Package: multirow 2021/03/15 v2.8 Span multiple rows of a table
\multirow@colwidth=\skip74
\multirow@cntb=\count302
\multirow@dima=\skip75
\bigstrutjot=\dimen190
)
(c:/Users/Paul Julian/AppData/Roaming/TinyTeX/texmf-dist/tex/latex/wrapfig/wrap
fig.sty
\wrapoverhang=\dimen191
\WF@size=\dimen192
\c@WF@wrappedlines=\count303
\WF@box=\box59
\WF@everypar=\toks35
Package: wrapfig 2003/01/31  v 3.6
)
(c:/Users/Paul Julian/AppData/Roaming/TinyTeX/texmf-dist/tex/latex/colortbl/col
ortbl.sty
Package: colortbl 2020/01/04 v1.0e Color table columns (DPC)
\everycr=\toks36
\minrowclearance=\skip76
)
(c:/Users/Paul Julian/AppData/Roaming/TinyTeX/texmf-dist/tex/latex/pdflscape/pd
flscape.sty
Package: pdflscape 2019/12/05 v0.12 Display of landscape pages in PDF (HO)

(c:/Users/Paul Julian/AppData/Roaming/TinyTeX/texmf-dist/tex/latex/graphics/lsc
ape.sty
Package: lscape 2020/05/28 v3.02 Landscape Pages (DPC)
)
Package pdflscape Info: Auto-detected driver: pdftex on input line 81.
)
(c:/Users/Paul Julian/AppData/Roaming/TinyTeX/texmf-dist/tex/latex/tabu/tabu.st
y
Package: tabu 2019/01/11 v2.9 - flexible LaTeX tabulars (FC+tabu-fixed)

(c:/Users/Paul Julian/AppData/Roaming/TinyTeX/texmf-dist/tex/latex/varwidth/var
width.sty
Package: varwidth 2009/03/30 ver 0.92;  Variable-width minipages
\@vwid@box=\box60
\sift@deathcycles=\count304
\@vwid@loff=\dimen193
\@vwid@roff=\dimen194
)
\c@taburow=\count305
\tabu@nbcols=\count306
\tabu@cnt=\count307
\tabu@Xcol=\count308
\tabu@alloc=\count309
\tabu@nested=\count310
\tabu@target=\dimen195
\tabu@spreadtarget=\dimen196
\tabu@naturalX=\dimen197
\tabucolX=\dimen198
\tabu@Xsum=\dimen199
\extrarowdepth=\dimen256
\abovetabulinesep=\dimen257
\belowtabulinesep=\dimen258
\tabustrutrule=\dimen259
\tabu@thebody=\toks37
\tabu@footnotes=\toks38
\tabu@box=\box61
\tabu@arstrutbox=\box62
\tabu@hleads=\box63
\tabu@vleads=\box64
\tabu@cellskip=\skip77
)
(c:/Users/Paul Julian/AppData/Roaming/TinyTeX/texmf-dist/tex/latex/threeparttab
le/threeparttable.sty
Package: threeparttable 2003/06/13  v 3.0
\@tempboxb=\box65
)
(c:/Users/Paul Julian/AppData/Roaming/TinyTeX/texmf-dist/tex/latex/threeparttab
lex/threeparttablex.sty
Package: threeparttablex 2013/07/23 v0.3 by daleif

(c:/Users/Paul Julian/AppData/Roaming/TinyTeX/texmf-dist/tex/latex/environ/envi
ron.sty
Package: environ 2014/05/04 v0.3 A new way to define environments

(c:/Users/Paul Julian/AppData/Roaming/TinyTeX/texmf-dist/tex/latex/trimspaces/t
rimspaces.sty
Package: trimspaces 2009/09/17 v1.1 Trim spaces around a token list
))
\TPTL@width=\skip78
)
(c:/Users/Paul Julian/AppData/Roaming/TinyTeX/texmf-dist/tex/generic/ulem/ulem.
sty
\UL@box=\box66
\UL@hyphenbox=\box67
\UL@skip=\skip79
\UL@hook=\toks39
\UL@height=\dimen260
\UL@pe=\count311
\UL@pixel=\dimen261
\ULC@box=\box68
Package: ulem 2019/11/18
\ULdepth=\dimen262
)
(c:/Users/Paul Julian/AppData/Roaming/TinyTeX/texmf-dist/tex/latex/makecell/mak
ecell.sty
Package: makecell 2009/08/03 V0.1e Managing of Tab Column Heads and Cells
\rotheadsize=\dimen263
\c@nlinenum=\count312
\TeXr@lab=\toks40
)
(c:/Users/Paul Julian/AppData/Roaming/TinyTeX/texmf-dist/tex/latex/xcolor/xcolo
r.sty
Package: xcolor 2016/05/11 v2.12 LaTeX color extensions (UK)

(c:/Users/Paul Julian/AppData/Roaming/TinyTeX/texmf-dist/tex/latex/graphics-cfg
/color.cfg
File: color.cfg 2016/01/02 v1.6 sample color configuration
)
Package xcolor Info: Driver file: pdftex.def on input line 225.
LaTeX Info: Redefining \color on input line 709.
Package xcolor Info: Model `cmy' substituted by `cmy0' on input line 1348.
Package xcolor Info: Model `hsb' substituted by `rgb' on input line 1352.
Package xcolor Info: Model `RGB' extended on input line 1364.
Package xcolor Info: Model `HTML' substituted by `rgb' on input line 1366.
Package xcolor Info: Model `Hsb' substituted by `hsb' on input line 1367.
Package xcolor Info: Model `tHsb' substituted by `hsb' on input line 1368.
Package xcolor Info: Model `HSB' substituted by `hsb' on input line 1369.
Package xcolor Info: Model `Gray' substituted by `gray' on input line 1370.
Package xcolor Info: Model `wave' substituted by `hsb' on input line 1371.
)
(c:/Users/Paul Julian/AppData/Roaming/TinyTeX/texmf-dist/tex/latex/l3backend/l3
backend-pdftex.def
File: l3backend-pdftex.def 2021-05-07 L3 backend support: PDF output (pdfTeX)
\l__color_backend_stack_int=\count313
\l__pdf_internal_box=\box69
) (./2021_DOSSAC_TechReport.aux)
\openout1 = `2021_DOSSAC_TechReport.aux'.

LaTeX Font Info:    Checking defaults for OML/cmm/m/it on input line 93.
LaTeX Font Info:    ... okay on input line 93.
LaTeX Font Info:    Checking defaults for OMS/cmsy/m/n on input line 93.
LaTeX Font Info:    ... okay on input line 93.
LaTeX Font Info:    Checking defaults for OT1/cmr/m/n on input line 93.
LaTeX Font Info:    ... okay on input line 93.
LaTeX Font Info:    Checking defaults for T1/cmr/m/n on input line 93.
LaTeX Font Info:    ... okay on input line 93.
LaTeX Font Info:    Checking defaults for TS1/cmr/m/n on input line 93.
LaTeX Font Info:    ... okay on input line 93.
LaTeX Font Info:    Checking defaults for OMX/cmex/m/n on input line 93.
LaTeX Font Info:    ... okay on input line 93.
LaTeX Font Info:    Checking defaults for U/cmr/m/n on input line 93.
LaTeX Font Info:    ... okay on input line 93.
LaTeX Font Info:    Checking defaults for PD1/pdf/m/n on input line 93.
LaTeX Font Info:    ... okay on input line 93.
LaTeX Font Info:    Checking defaults for PU/pdf/m/n on input line 93.
LaTeX Font Info:    ... okay on input line 93.
*geometry* driver: auto-detecting
*geometry* detected driver: pdftex
*geometry* verbose mode - [ preamble ] result:
* driver: pdftex
* paper: <default>
* layout: <same size as paper>
* layoutoffset:(h,v)=(0.0pt,0.0pt)
* modes: 
* h-part:(L,W,R)=(94.75394pt, 408.0pt, 94.75394pt)
* v-part:(T,H,B)=(78.01874pt, 650.0pt, 117.0281pt)
* \paperwidth=597.50787pt
* \paperheight=845.04684pt
* \textwidth=408.0pt
* \textheight=650.0pt
* \oddsidemargin=22.48395pt
* \evensidemargin=22.48395pt
* \topmargin=-31.25125pt
* \headheight=12.0pt
* \headsep=25.0pt
* \topskip=11.0pt
* \footskip=30.0pt
* \marginparwidth=50.0pt
* \marginparsep=10.0pt
* \columnsep=12.0pt
* \skip\footins=10.0pt plus 4.0pt minus 2.0pt
* \hoffset=0.0pt
* \voffset=0.0pt
* \mag=1000
* \@twocolumnfalse
* \@twosidefalse
* \@mparswitchfalse
* \@reversemarginfalse
* (1in=72.27pt=25.4mm, 1cm=28.453pt)

Package hyperref Info: Link coloring OFF on input line 93.

(c:/Users/Paul Julian/AppData/Roaming/TinyTeX/texmf-dist/tex/latex/hyperref/nam
eref.sty
Package: nameref 2021-04-02 v2.47 Cross-referencing by name of section

(c:/Users/Paul Julian/AppData/Roaming/TinyTeX/texmf-dist/tex/latex/refcount/ref
count.sty
Package: refcount 2019/12/15 v3.6 Data extraction from label references (HO)
)
(c:/Users/Paul Julian/AppData/Roaming/TinyTeX/texmf-dist/tex/generic/gettitlest
ring/gettitlestring.sty
Package: gettitlestring 2019/12/15 v1.6 Cleanup title references (HO)
)
\c@section@level=\count314
)
LaTeX Info: Redefining \ref on input line 93.
LaTeX Info: Redefining \pageref on input line 93.
LaTeX Info: Redefining \nameref on input line 93.
(./2021_DOSSAC_TechReport.out) (./2021_DOSSAC_TechReport.out)
\@outlinefile=\write4
\openout4 = `2021_DOSSAC_TechReport.out'.


LaTeX Font Warning: Font shape `OT1/cmr/m/n' in size <13> not available
(Font)              size <12> substituted on input line 110.


LaTeX Font Warning: Font shape `OT1/cmr/bx/n' in size <13> not available
(Font)              size <12> substituted on input line 110.


LaTeX Font Warning: Font shape `OT1/cmss/bx/n' in size <13> not available
(Font)              size <12> substituted on input line 110.

LaTeX Font Info:    Calculating math sizes for size <11> on input line 110.

LaTeX Font Warning: Font shape `OT1/cmr/m/n' in size <5.5> not available
(Font)              size <5> substituted on input line 110.


LaTeX Font Warning: Font shape `OML/cmm/m/it' in size <5.5> not available
(Font)              size <5> substituted on input line 110.


LaTeX Font Warning: Font shape `OMS/cmsy/m/n' in size <5.5> not available
(Font)              size <5> substituted on input line 110.

LaTeX Font Info:    Trying to load font information for U+msa on input line 110
.

(c:/Users/Paul Julian/AppData/Roaming/TinyTeX/texmf-dist/tex/latex/amsfonts/ums
a.fd
File: umsa.fd 2013/01/14 v3.01 AMS symbols A
)
LaTeX Font Info:    Trying to load font information for U+msb on input line 110
.

(c:/Users/Paul Julian/AppData/Roaming/TinyTeX/texmf-dist/tex/latex/amsfonts/ums
b.fd
File: umsb.fd 2013/01/14 v3.01 AMS symbols B
) [1



{c:/Users/Paul Julian/AppData/Roaming/TinyTeX/texmf-var/fonts/map/pdftex/updmap
/pdftex.map}] [2] [3]
LaTeX Font Info:    Calculating math sizes for size <14> on input line 342.
[4pdfTeX warning (ext4): destination with the same identifier (name{table.1}) h
as been already used, duplicate ignored
<argument> ...shipout:D \box_use:N \l_shipout_box 
                                                  
l.371 
      ]
LaTeX Font Info:    Trying to load font information for OML+cmr on input line 3
92.

(c:/Users/Paul Julian/AppData/Roaming/TinyTeX/texmf-dist/tex/latex/base/omlcmr.
fd
File: omlcmr.fd 2019/12/16 v2.5j Standard LaTeX font definitions
)
LaTeX Font Info:    Font shape `OML/cmr/m/n' in size <11> not available
(Font)              Font shape `OML/cmm/m/it' tried instead on input line 392.
<C:/Julian_LaCie/_GitHub/SFL_DOSSAC/Plots/WBID3240F_trendmap.png, id=146, 307.1
475pt x 289.08pt>
File: C:/Julian_LaCie/_GitHub/SFL_DOSSAC/Plots/WBID3240F_trendmap.png Graphic f
ile (type png)
<use C:/Julian_LaCie/_GitHub/SFL_DOSSAC/Plots/WBID3240F_trendmap.png>
Package pdftex.def Info: C:/Julian_LaCie/_GitHub/SFL_DOSSAC/Plots/WBID3240F_tre
ndmap.png  used on input line 411.
(pdftex.def)             Requested size: 408.0pt x 384.02605pt.
[5pdfTeX warning (ext4): destination with the same identifier (name{table.2}) h
as been already used, duplicate ignored
<argument> ...shipout:D \box_use:N \l_shipout_box 
                                                  
l.413 
      ]
<C:/Julian_LaCie/_GitHub/SFL_DOSSAC/Plots/WBID3240F_trend.png, id=155, 469.755p
t x 289.08pt>
File: C:/Julian_LaCie/_GitHub/SFL_DOSSAC/Plots/WBID3240F_trend.png Graphic file
 (type png)
<use C:/Julian_LaCie/_GitHub/SFL_DOSSAC/Plots/WBID3240F_trend.png>
Package pdftex.def Info: C:/Julian_LaCie/_GitHub/SFL_DOSSAC/Plots/WBID3240F_tre
nd.png  used on input line 415.
(pdftex.def)             Requested size: 408.0pt x 251.0785pt.
[6pdfTeX warning (ext4): destination with the same identifier (name{figure.1}) 
has been already used, duplicate ignored
<argument> ...shipout:D \box_use:N \l_shipout_box 
                                                  
l.417 
       <c:/Julian_LaCie/_GitHub/SFL_DOSSAC/Plots/WBID3240F_trendmap.png (PNG co
py)>]
<C:/Julian_LaCie/_GitHub/SFL_DOSSAC/Plots/WBID3240F_trendmodel_ACF.png, id=160,
 289.08pt x 216.81pt>
File: C:/Julian_LaCie/_GitHub/SFL_DOSSAC/Plots/WBID3240F_trendmodel_ACF.png Gra
phic file (type png)
<use C:/Julian_LaCie/_GitHub/SFL_DOSSAC/Plots/WBID3240F_trendmodel_ACF.png>
Package pdftex.def Info: C:/Julian_LaCie/_GitHub/SFL_DOSSAC/Plots/WBID3240F_tre
ndmodel_ACF.png  used on input line 420.
(pdftex.def)             Requested size: 306.0pt x 229.51314pt.
[7pdfTeX warning (ext4): destination with the same identifier (name{figure.2}) 
has been already used, duplicate ignored
<argument> ...shipout:D \box_use:N \l_shipout_box 
                                                  
l.444 
      pdfTeX warning (ext4): destination with the same identifier (name{figure.
3}) has been already used, duplicate ignored
<argument> ...shipout:D \box_use:N \l_shipout_box 
                                                  
l.444 
       <c:/Julian_LaCie/_GitHub/SFL_DOSSAC/Plots/WBID3240F_trend.png> <c:/Julia
n_LaCie/_GitHub/SFL_DOSSAC/Plots/WBID3240F_trendmodel_ACF.png>]
<C:/Julian_LaCie/_GitHub/SFL_DOSSAC/Plots/WBID3240F_normDist.png, id=169, 469.7
55pt x 361.35pt>
File: C:/Julian_LaCie/_GitHub/SFL_DOSSAC/Plots/WBID3240F_normDist.png Graphic f
ile (type png)
<use C:/Julian_LaCie/_GitHub/SFL_DOSSAC/Plots/WBID3240F_normDist.png>
Package pdftex.def Info: C:/Julian_LaCie/_GitHub/SFL_DOSSAC/Plots/WBID3240F_nor
mDist.png  used on input line 461.
(pdftex.def)             Requested size: 408.0pt x 313.84816pt.
[8pdfTeX warning (ext4): destination with the same identifier (name{table.3}) h
as been already used, duplicate ignored
<argument> ...shipout:D \box_use:N \l_shipout_box 
                                                  
l.482 
      pdfTeX warning (ext4): destination with the same identifier (name{figure.
4}) has been already used, duplicate ignored
<argument> ...shipout:D \box_use:N \l_shipout_box 
                                                  
l.482 
       <c:/Julian_LaCie/_GitHub/SFL_DOSSAC/Plots/WBID3240F_normDist.png>]
LaTeX Font Info:    Trying to load font information for OMS+cmr on input line 5
55.

(c:/Users/Paul Julian/AppData/Roaming/TinyTeX/texmf-dist/tex/latex/base/omscmr.
fd
File: omscmr.fd 2019/12/16 v2.5j Standard LaTeX font definitions
)
LaTeX Font Info:    Font shape `OMS/cmr/m/n' in size <11> not available
(Font)              Font shape `OMS/cmsy/m/n' tried instead on input line 555.
[9pdfTeX warning (ext4): destination with the same identifier (name{table.4}) h
as been already used, duplicate ignored
<argument> ...shipout:D \box_use:N \l_shipout_box 
                                                  
l.562 
      pdfTeX warning (ext4): destination with the same identifier (name{table.5
}) has been already used, duplicate ignored
<argument> ...shipout:D \box_use:N \l_shipout_box 
                                                  
l.562 
      ]
<C:/Julian_LaCie/_GitHub/SFL_DOSSAC/Plots/WBID3240Q_trendmap.png, id=196, 252.9
45pt x 289.08pt>
File: C:/Julian_LaCie/_GitHub/SFL_DOSSAC/Plots/WBID3240Q_trendmap.png Graphic f
ile (type png)
<use C:/Julian_LaCie/_GitHub/SFL_DOSSAC/Plots/WBID3240Q_trendmap.png>
Package pdftex.def Info: C:/Julian_LaCie/_GitHub/SFL_DOSSAC/Plots/WBID3240Q_tre
ndmap.png  used on input line 565.
(pdftex.def)             Requested size: 408.0pt x 466.29561pt.
[10]
<C:/Julian_LaCie/_GitHub/SFL_DOSSAC/Plots/WBID3240Q_trend.png, id=203, 469.755p
t x 289.08pt>
File: C:/Julian_LaCie/_GitHub/SFL_DOSSAC/Plots/WBID3240Q_trend.png Graphic file
 (type png)
<use C:/Julian_LaCie/_GitHub/SFL_DOSSAC/Plots/WBID3240Q_trend.png>
Package pdftex.def Info: C:/Julian_LaCie/_GitHub/SFL_DOSSAC/Plots/WBID3240Q_tre
nd.png  used on input line 574.
(pdftex.def)             Requested size: 408.0pt x 251.0785pt.
[11pdfTeX warning (ext4): destination with the same identifier (name{figure.5})
 has been already used, duplicate ignored
<argument> ...shipout:D \box_use:N \l_shipout_box 
                                                  
l.580 
       <c:/Julian_LaCie/_GitHub/SFL_DOSSAC/Plots/WBID3240Q_trendmap.png (PNG co
py)>]
<C:/Julian_LaCie/_GitHub/SFL_DOSSAC/Plots/WBID3240Q_trendmodel_ACF.png, id=208,
 289.08pt x 216.81pt>
File: C:/Julian_LaCie/_GitHub/SFL_DOSSAC/Plots/WBID3240Q_trendmodel_ACF.png Gra
phic file (type png)
<use C:/Julian_LaCie/_GitHub/SFL_DOSSAC/Plots/WBID3240Q_trendmodel_ACF.png>
Package pdftex.def Info: C:/Julian_LaCie/_GitHub/SFL_DOSSAC/Plots/WBID3240Q_tre
ndmodel_ACF.png  used on input line 583.
(pdftex.def)             Requested size: 306.0pt x 229.51314pt.
[12pdfTeX warning (ext4): destination with the same identifier (name{figure.6})
 has been already used, duplicate ignored
<argument> ...shipout:D \box_use:N \l_shipout_box 
                                                  
l.604 
      pdfTeX warning (ext4): destination with the same identifier (name{figure.
7}) has been already used, duplicate ignored
<argument> ...shipout:D \box_use:N \l_shipout_box 
                                                  
l.604 
       <c:/Julian_LaCie/_GitHub/SFL_DOSSAC/Plots/WBID3240Q_trend.png> <c:/Julia
n_LaCie/_GitHub/SFL_DOSSAC/Plots/WBID3240Q_trendmodel_ACF.png>]
<C:/Julian_LaCie/_GitHub/SFL_DOSSAC/Plots/WBID3240Q_normDist.png, id=216, 469.7
55pt x 361.35pt>
File: C:/Julian_LaCie/_GitHub/SFL_DOSSAC/Plots/WBID3240Q_normDist.png Graphic f
ile (type png)
<use C:/Julian_LaCie/_GitHub/SFL_DOSSAC/Plots/WBID3240Q_normDist.png>
Package pdftex.def Info: C:/Julian_LaCie/_GitHub/SFL_DOSSAC/Plots/WBID3240Q_nor
mDist.png  used on input line 619.
(pdftex.def)             Requested size: 408.0pt x 313.84816pt.
[13pdfTeX warning (ext4): destination with the same identifier (name{table.6}) 
has been already used, duplicate ignored
<argument> ...shipout:D \box_use:N \l_shipout_box 
                                                  
l.645 
      pdfTeX warning (ext4): destination with the same identifier (name{figure.
8}) has been already used, duplicate ignored
<argument> ...shipout:D \box_use:N \l_shipout_box 
                                                  
l.645 
       <c:/Julian_LaCie/_GitHub/SFL_DOSSAC/Plots/WBID3240Q_normDist.png>]
<C:/Julian_LaCie/_GitHub/SFL_DOSSAC/Plots/WBID3235C_trendmap.png, id=230, 361.3
5pt x 216.81pt>
File: C:/Julian_LaCie/_GitHub/SFL_DOSSAC/Plots/WBID3235C_trendmap.png Graphic f
ile (type png)
<use C:/Julian_LaCie/_GitHub/SFL_DOSSAC/Plots/WBID3235C_trendmap.png>
Package pdftex.def Info: C:/Julian_LaCie/_GitHub/SFL_DOSSAC/Plots/WBID3235C_tre
ndmap.png  used on input line 695.
(pdftex.def)             Requested size: 408.0pt x 244.80055pt.
[14pdfTeX warning (ext4): destination with the same identifier (name{table.7}) 
has been already used, duplicate ignored
<argument> ...shipout:D \box_use:N \l_shipout_box 
                                                  
l.701 
      pdfTeX warning (ext4): destination with the same identifier (name{table.8
}) has been already used, duplicate ignored
<argument> ...shipout:D \box_use:N \l_shipout_box 
                                                  
l.701 
      ]
<C:/Julian_LaCie/_GitHub/SFL_DOSSAC/Plots/WBID3235C_trend.png, id=244, 469.755p
t x 289.08pt>
File: C:/Julian_LaCie/_GitHub/SFL_DOSSAC/Plots/WBID3235C_trend.png Graphic file
 (type png)
<use C:/Julian_LaCie/_GitHub/SFL_DOSSAC/Plots/WBID3235C_trend.png>
Package pdftex.def Info: C:/Julian_LaCie/_GitHub/SFL_DOSSAC/Plots/WBID3235C_tre
nd.png  used on input line 744.
(pdftex.def)             Requested size: 408.0pt x 251.0785pt.
[15pdfTeX warning (ext4): destination with the same identifier (name{figure.9})
 has been already used, duplicate ignored
<argument> ...shipout:D \box_use:N \l_shipout_box 
                                                  
l.750 
      pdfTeX warning (ext4): destination with the same identifier (name{table.9
}) has been already used, duplicate ignored
<argument> ...shipout:D \box_use:N \l_shipout_box 
                                                  
l.750 
       <c:/Julian_LaCie/_GitHub/SFL_DOSSAC/Plots/WBID3235C_trendmap.png (PNG co
py)>]
<C:/Julian_LaCie/_GitHub/SFL_DOSSAC/Plots/WBID3235C_trendmodel_ACF.png, id=253,
 289.08pt x 216.81pt>
File: C:/Julian_LaCie/_GitHub/SFL_DOSSAC/Plots/WBID3235C_trendmodel_ACF.png Gra
phic file (type png)
<use C:/Julian_LaCie/_GitHub/SFL_DOSSAC/Plots/WBID3235C_trendmodel_ACF.png>
Package pdftex.def Info: C:/Julian_LaCie/_GitHub/SFL_DOSSAC/Plots/WBID3235C_tre
ndmodel_ACF.png  used on input line 753.
(pdftex.def)             Requested size: 306.0pt x 229.51314pt.
[16pdfTeX warning (ext4): destination with the same identifier (name{figure.10}
) has been already used, duplicate ignored
<argument> ...shipout:D \box_use:N \l_shipout_box 
                                                  
l.776 
      pdfTeX warning (ext4): destination with the same identifier (name{figure.
11}) has been already used, duplicate ignored
<argument> ...shipout:D \box_use:N \l_shipout_box 
                                                  
l.776 
       <c:/Julian_LaCie/_GitHub/SFL_DOSSAC/Plots/WBID3235C_trend.png> <c:/Julia
n_LaCie/_GitHub/SFL_DOSSAC/Plots/WBID3235C_trendmodel_ACF.png>]
<C:/Julian_LaCie/_GitHub/SFL_DOSSAC/Plots/WBID3235C_normDist.png, id=265, 469.7
55pt x 361.35pt>
File: C:/Julian_LaCie/_GitHub/SFL_DOSSAC/Plots/WBID3235C_normDist.png Graphic f
ile (type png)
<use C:/Julian_LaCie/_GitHub/SFL_DOSSAC/Plots/WBID3235C_normDist.png>
Package pdftex.def Info: C:/Julian_LaCie/_GitHub/SFL_DOSSAC/Plots/WBID3235C_nor
mDist.png  used on input line 779.
(pdftex.def)             Requested size: 408.0pt x 313.84816pt.
<C:/Julian_LaCie/_GitHub/SFL_DOSSAC/Plots/WBID3235C_normDist_CCsitesOnly.png, i
d=266, 469.755pt x 361.35pt>
File: C:/Julian_LaCie/_GitHub/SFL_DOSSAC/Plots/WBID3235C_normDist_CCsitesOnly.p
ng Graphic file (type png)
<use C:/Julian_LaCie/_GitHub/SFL_DOSSAC/Plots/WBID3235C_normDist_CCsitesOnly.pn
g>
Package pdftex.def Info: C:/Julian_LaCie/_GitHub/SFL_DOSSAC/Plots/WBID3235C_nor
mDist_CCsitesOnly.png  used on input line 788.
(pdftex.def)             Requested size: 408.0pt x 313.84816pt.
[17pdfTeX warning (ext4): destination with the same identifier (name{figure.12}
) has been already used, duplicate ignored
<argument> ...shipout:D \box_use:N \l_shipout_box 
                                                  
l.794 
       <c:/Julian_LaCie/_GitHub/SFL_DOSSAC/Plots/WBID3235C_normDist.png>] [18pd
fTeX warning (ext4): destination with the same identifier (name{figure.13}) has
 been already used, duplicate ignored
<argument> ...shipout:D \box_use:N \l_shipout_box 
                                                  
l.826   W
         hile not evaluated in this report, FDEP recommends the adoption of <c:
/Julian_LaCie/_GitHub/SFL_DOSSAC/Plots/WBID3235C_normDist_CCsitesOnly.png>]
Underfull \hbox (badness 1052) in paragraph at lines 870--874
[]\OT1/cmr/m/n/10.95 Pe~na EA, Slate EH (2006) Global Val-i-da-tion of Lin-ear 
Model As-sump-
 []


Underfull \hbox (badness 1708) in paragraph at lines 870--874
\OT1/cmr/m/n/10.95 tions. Jour-nal of the Amer-i-can Sta-tis-ti-cal As-so-ci-a-
tion 101:341--354. doi:
 []

[19]

Package xcolor Warning: Incompatible color definition on input line 898.

LaTeX Font Info:    Trying to load font information for OML+cmtt on input line 
945.
LaTeX Font Info:    No file OMLcmtt.fd. on input line 945.

LaTeX Font Warning: Font shape `OML/cmtt/m/n' undefined
(Font)              using `OML/cmm/m/it' instead
(Font)              for symbol `textless' on input line 945.

LaTeX Font Info:    Trying to load font information for TS1+cmtt on input line 
956.

(c:/Users/Paul Julian/AppData/Roaming/TinyTeX/texmf-dist/tex/latex/base/ts1cmtt
.fd
File: ts1cmtt.fd 2019/12/16 v2.5j Standard LaTeX font definitions
)
LaTeX Font Info:    Font shape `OT1/cmtt/bx/n' in size <11> not available
(Font)              Font shape `OT1/cmtt/m/n' tried instead on input line 958.
LaTeX Font Info:    Font shape `OT1/cmtt/bx/it' in size <11> not available
(Font)              Font shape `OT1/cmtt/m/it' tried instead on input line 958.


Package xcolor Warning: Incompatible color definition on input line 1262.


Package xcolor Warning: Incompatible color definition on input line 1262.


Underfull \vbox (badness 10000) detected at line 1262
 []


Package xcolor Warning: Incompatible color definition on input line 1262.

[20]

Package xcolor Warning: Incompatible color definition on input line 1262.


Package xcolor Warning: Incompatible color definition on input line 1262.


Underfull \vbox (badness 10000) detected at line 1262
 []


Underfull \vbox (badness 10000) detected at line 1262
 []


Package xcolor Warning: Incompatible color definition on input line 1262.

[21]

Package xcolor Warning: Incompatible color definition on input line 1262.


Package xcolor Warning: Incompatible color definition on input line 1262.


Underfull \vbox (badness 10000) detected at line 1262
 []


Underfull \vbox (badness 10000) detected at line 1262
 []


Package xcolor Warning: Incompatible color definition on input line 1262.

[22]

Package xcolor Warning: Incompatible color definition on input line 1262.


Package xcolor Warning: Incompatible color definition on input line 1262.


Underfull \vbox (badness 10000) detected at line 1262
 []


Underfull \vbox (badness 10000) detected at line 1262
 []


Package xcolor Warning: Incompatible color definition on input line 1262.

[23]

Package xcolor Warning: Incompatible color definition on input line 1262.


Package xcolor Warning: Incompatible color definition on input line 1262.


Underfull \vbox (badness 10000) detected at line 1262
 []


Underfull \vbox (badness 10000) detected at line 1262
 []


Package xcolor Warning: Incompatible color definition on input line 1262.

[24]

Package xcolor Warning: Incompatible color definition on input line 1262.


Package xcolor Warning: Incompatible color definition on input line 1262.


Underfull \vbox (badness 10000) detected at line 1262
 []


Underfull \vbox (badness 10000) detected at line 1262
 []


Package xcolor Warning: Incompatible color definition on input line 1262.

[25]

Package xcolor Warning: Incompatible color definition on input line 1262.


Package xcolor Warning: Incompatible color definition on input line 1262.


Underfull \vbox (badness 10000) detected at line 1262
 []


Underfull \vbox (badness 10000) detected at line 1262
 []


Package xcolor Warning: Incompatible color definition on input line 1262.

[26]

Package xcolor Warning: Incompatible color definition on input line 1262.


Package xcolor Warning: Incompatible color definition on input line 1262.

[27]pdfTeX warning (ext4): destination with the same identifier (name{table.1})
 has been already used, duplicate ignored
<to be read again> 
                   \relax 
l.1273 \caption
               {\label{tab:tabs1}Monitoring locations, coordinates and disso...
pdfTeX warning (ext4): destination with the same identifier (name{table.1}) has
 been already used, duplicate ignored
<to be read again> 
                   \relax 
l.1273 ...ns within Daughtery Creek (WBID 3240F).}
                                                  
Overfull \hbox (10.5008pt too wide) in paragraph at lines 1276--1298
 [][] 
 []

pdfTeX warning (ext4): destination with the same identifier (name{table.2}) has
 been already used, duplicate ignored
<to be read again> 
                   \relax 
l.1302 \caption
               {\label{tab:tabs2}\label{tab_s2} Monitoring locations, coordi...
pdfTeX warning (ext4): destination with the same identifier (name{table.2}) has
 been already used, duplicate ignored
<to be read again> 
                   \relax 
l.1302 ...tions within Popash Creek (WBID 3240Q).}
                                                  
Overfull \hbox (10.5008pt too wide) in paragraph at lines 1305--1327
 [][] 
 []

pdfTeX warning (ext4): destination with the same identifier (name{table.3}) has
 been already used, duplicate ignored
<to be read again> 
                   \relax 
l.1331 \caption
               {\label{tab:tabs3}\label{tab_s3} Monitoring locations, coordi...
pdfTeX warning (ext4): destination with the same identifier (name{table.3}) has
 been already used, duplicate ignored
<to be read again> 
                   \relax 
l.1331 ...ions within Cypress Creek (WBID 3235C).}
                                                  
Overfull \hbox (28.2414pt too wide) in paragraph at lines 1334--1355
 [][] 
 []

[28] [29] (./2021_DOSSAC_TechReport.aux)

LaTeX Font Warning: Size substitutions with differences
(Font)              up to 1.0pt have occurred.


LaTeX Font Warning: Some font shapes were not available, defaults substituted.

Package rerunfilecheck Info: File `2021_DOSSAC_TechReport.out' has not changed.

(rerunfilecheck)             Checksum: 3FE327F3A5DBC32379899FAAF2BEB38A;2703.
 ) 
Here is how much of TeX's memory you used:
 13031 strings out of 480806
 199203 string characters out of 5903166
 587441 words of memory out of 5000000
 30042 multiletter control sequences out of 15000+600000
 420039 words of font info for 93 fonts, out of 8000000 for 9000
 14 hyphenation exceptions out of 8191
 85i,14n,90p,661b,390s stack positions out of 5000i,500n,10000p,200000b,80000s
 <c:/Users/Paul Julian/AppData/Roaming/TinyTeX/texmf-var/fonts/pk/ljfour/jkna
ppen/ec/tctt1095.600pk> <c:/Users/Paul Julian/AppData/Roaming/TinyTeX/texmf-var
/fonts/pk/ljfour/jknappen/ec/tcrm1440.600pk><c:/Users/Paul Julian/AppData/Roami
ng/TinyTeX/texmf-dist/fonts/type1/public/amsfonts/cm/cmbx10.pfb><c:/Users/Paul 
Julian/AppData/Roaming/TinyTeX/texmf-dist/fonts/type1/public/amsfonts/cm/cmbx12
.pfb><c:/Users/Paul Julian/AppData/Roaming/TinyTeX/texmf-dist/fonts/type1/publi
c/amsfonts/cm/cmbx8.pfb><c:/Users/Paul Julian/AppData/Roaming/TinyTeX/texmf-dis
t/fonts/type1/public/amsfonts/cm/cmbx9.pfb><c:/Users/Paul Julian/AppData/Roamin
g/TinyTeX/texmf-dist/fonts/type1/public/amsfonts/cm/cmbxti10.pfb><c:/Users/Paul
 Julian/AppData/Roaming/TinyTeX/texmf-dist/fonts/type1/public/amsfonts/cm/cmitt
10.pfb><c:/Users/Paul Julian/AppData/Roaming/TinyTeX/texmf-dist/fonts/type1/pub
lic/amsfonts/cm/cmmi10.pfb><c:/Users/Paul Julian/AppData/Roaming/TinyTeX/texmf-
dist/fonts/type1/public/amsfonts/cm/cmmi8.pfb><c:/Users/Paul Julian/AppData/Roa
ming/TinyTeX/texmf-dist/fonts/type1/public/amsfonts/cm/cmr10.pfb><c:/Users/Paul
 Julian/AppData/Roaming/TinyTeX/texmf-dist/fonts/type1/public/amsfonts/cm/cmr12
.pfb><c:/Users/Paul Julian/AppData/Roaming/TinyTeX/texmf-dist/fonts/type1/publi
c/amsfonts/cm/cmr7.pfb><c:/Users/Paul Julian/AppData/Roaming/TinyTeX/texmf-dist
/fonts/type1/public/amsfonts/cm/cmr8.pfb><c:/Users/Paul Julian/AppData/Roaming/
TinyTeX/texmf-dist/fonts/type1/public/amsfonts/cm/cmr9.pfb><c:/Users/Paul Julia
n/AppData/Roaming/TinyTeX/texmf-dist/fonts/type1/public/amsfonts/cm/cmssbx10.pf
b><c:/Users/Paul Julian/AppData/Roaming/TinyTeX/texmf-dist/fonts/type1/public/a
msfonts/cm/cmsy10.pfb><c:/Users/Paul Julian/AppData/Roaming/TinyTeX/texmf-dist/
fonts/type1/public/amsfonts/cm/cmsy8.pfb><c:/Users/Paul Julian/AppData/Roaming/
TinyTeX/texmf-dist/fonts/type1/public/amsfonts/cm/cmti10.pfb><c:/Users/Paul Jul
ian/AppData/Roaming/TinyTeX/texmf-dist/fonts/type1/public/amsfonts/cm/cmti12.pf
b><c:/Users/Paul Julian/AppData/Roaming/TinyTeX/texmf-dist/fonts/type1/public/a
msfonts/cm/cmtt10.pfb><c:/Users/Paul Julian/AppData/Roaming/TinyTeX/texmf-dist/
fonts/type1/public/amsfonts/cm/cmtt8.pfb><c:/Users/Paul Julian/AppData/Roaming/
TinyTeX/texmf-dist/fonts/type1/public/amsfonts/cm/cmtt9.pfb>
Output written on 2021_DOSSAC_TechReport.pdf (29 pages, 2677855 bytes).
PDF statistics:
 432 PDF objects out of 1000 (max. 8388607)
 350 compressed objects within 4 object streams
 95 named destinations out of 1000 (max. 500000)
 218 words of extra memory for PDF output out of 10000 (max. 10000000)

